2020-10-07T11:16:09.427Z [theBankAPI] info: API na porta 3000!
2020-10-07T11:16:26.911Z [theBankAPI] info: json criado, API na porta 3000!
2020-10-07T11:21:24.081Z [theBankAPI] info: API na porta 3000!
2020-10-07T11:21:42.601Z [theBankAPI] error: GET /account - ENOENT: no such file or directory, open 'C:\projetos\theBankAPI\accounts.json'
2020-10-07T11:27:05.912Z [theBankAPI] info: json criado, API na porta 3000!
2020-10-07T11:27:23.510Z [theBankAPI] info: GET /account
2020-10-07T11:27:29.338Z [theBankAPI] info: POST /account - {"id":1,"name":"Victor Ramalho","balance":6000}
2020-10-07T11:27:40.933Z [theBankAPI] info: GET /account
2020-10-07T11:28:49.717Z [theBankAPI] info: API na porta 3000!
2020-10-07T11:28:52.930Z [theBankAPI] info: GET /account - 1
2020-10-07T11:56:19.603Z [theBankAPI] info: POST /account - {"id":2,"name":"Alysson Aldrin","balance":500}
2020-10-07T11:56:28.892Z [theBankAPI] info: GET /account
2020-10-07T11:58:51.980Z [theBankAPI] info: API na porta 3000!
2020-10-07T11:59:26.709Z [theBankAPI] error: POST /account - Name e Balance são obrigatórios.
2020-10-07T12:00:10.396Z [theBankAPI] info: API na porta 3000!
2020-10-07T12:01:48.209Z [theBankAPI] info: API na porta 3000!
2020-10-07T12:02:14.197Z [theBankAPI] info: POST /account - {"id":3,"name":"Alysson Aldrin","balance":500}
2020-10-07T12:02:20.395Z [theBankAPI] info: GET /account
2020-10-07T12:04:16.481Z [theBankAPI] info: API na porta 3000!
2020-10-07T12:05:31.327Z [theBankAPI] info: API na porta 3000!
2020-10-07T12:05:57.315Z [theBankAPI] error: PUT /account - Registro não encontrado
2020-10-07T12:06:05.987Z [theBankAPI] info: PUT /account - {"id":1,"name":"Victor Ramalho","balance":6000}
2020-10-07T12:06:19.455Z [theBankAPI] info: PUT /account - {"id":1,"name":"Victor Ramalho","balance":5000}
2020-10-07T12:06:53.774Z [theBankAPI] info: API na porta 3000!
2020-10-07T12:07:07.180Z [theBankAPI] error: PUT /account - Name e Balance são obrigatórios.
2020-10-07T12:07:37.279Z [theBankAPI] info: API na porta 3000!
2020-10-07T12:08:54.601Z [theBankAPI] info: PUT /account - {"id":1,"name":"Victor Ramalho","balance":4000}
2020-10-07T12:09:08.191Z [theBankAPI] info: PUT /account - {"id":1,"name":"Victor Hugo","balance":8000}
2020-10-07T12:09:10.532Z [theBankAPI] info: GET /account
2020-10-07T12:09:30.683Z [theBankAPI] info: PUT /account - {"id":3,"name":"Pedro Arthur","balance":8000}
2020-10-07T12:09:32.393Z [theBankAPI] info: GET /account
2020-10-07T12:10:12.544Z [theBankAPI] info: API na porta 3000!
2020-10-07T12:10:33.759Z [theBankAPI] info: PATCH /account - {"id":3,"balance":5000}
2020-10-07T12:10:38.857Z [theBankAPI] error: PATCH /account - Registro não encontrado
2020-10-07T12:10:44.788Z [theBankAPI] info: PATCH /account - {"id":3,"balance":8000}
2020-10-07T12:11:18.538Z [theBankAPI] info: API na porta 3000!
2020-10-07T12:13:27.028Z [theBankAPI] info: API na porta 3000!
2020-10-07T12:13:36.567Z [theBankAPI] error: PATCH /account - Name e Balance são obrigatórios.
2020-10-07T12:13:42.109Z [theBankAPI] error: PATCH /account - Name e Balance são obrigatórios.
2020-10-07T12:13:46.334Z [theBankAPI] info: PATCH /account - {"id":3,"balance":8000}
2020-10-07T12:14:13.126Z [theBankAPI] info: API na porta 3000!
2020-10-07T12:15:00.288Z [theBankAPI] info: API na porta 3000!
2020-10-07T12:15:06.487Z [theBankAPI] error: PUT /account - Id, Name e Balance são obrigatórios.
2020-10-07T13:28:59.839Z [theBankAPI] info: API na porta 3000!
2020-10-07T13:29:54.166Z [theBankAPI] info: API na porta 3000!
2020-10-07T13:31:13.829Z [theBankAPI] info: GET /account
2020-10-07T13:38:22.406Z [theBankAPI] info: GET /account
2020-10-07T13:38:43.822Z [theBankAPI] info: API na porta 3000!
2020-10-07T13:38:50.000Z [theBankAPI] info: GET /account
2020-10-07T13:42:24.652Z [theBankAPI] info: API na porta 3000!
2020-10-07T13:42:26.597Z [theBankAPI] info: GET /account
2020-10-07T13:44:39.651Z [theBankAPI] info: API na porta 3000!
2020-10-07T13:44:46.117Z [theBankAPI] info: GET /account
2020-10-07T13:45:14.773Z [theBankAPI] info: GET /account - 1
2020-10-07T13:45:15.723Z [theBankAPI] info: GET /account - 1
2020-10-07T13:45:15.904Z [theBankAPI] info: GET /account - 1
2020-10-07T13:45:16.091Z [theBankAPI] info: GET /account - 1
2020-10-07T13:45:16.323Z [theBankAPI] info: GET /account - 1
2020-10-07T13:45:36.305Z [theBankAPI] info: API na porta 3000!
2020-10-07T13:45:39.301Z [theBankAPI] info: GET /account - 1
2020-10-07T13:45:55.491Z [theBankAPI] info: API na porta 3000!
2020-10-07T13:45:58.744Z [theBankAPI] info: API na porta 3000!
2020-10-07T13:46:29.436Z [theBankAPI] info: GET /account - 1
2020-10-07T13:46:29.873Z [theBankAPI] info: GET /account - 1
2020-10-07T13:46:30.077Z [theBankAPI] info: GET /account - 1
2020-10-07T13:46:30.188Z [theBankAPI] info: GET /account - 1
2020-10-07T13:47:10.479Z [theBankAPI] info: API na porta 3000!
2020-10-07T13:47:13.778Z [theBankAPI] info: GET /account - 1
2020-10-07T13:53:19.694Z [theBankAPI] info: API na porta 3000!
2020-10-07T13:53:32.598Z [theBankAPI] info: GET /account - 1
2020-10-07T13:54:00.580Z [theBankAPI] info: GET /account
2020-10-07T13:54:09.951Z [theBankAPI] info: GET /account - 1
2020-10-07T13:55:40.280Z [theBankAPI] info: GET /account
2020-10-07T13:55:46.375Z [theBankAPI] info: GET /account - 1
2020-10-07T13:57:09.625Z [theBankAPI] info: GET /account - 4
2020-10-07T13:57:21.760Z [theBankAPI] info: GET /account - 2
2020-10-07T13:57:26.998Z [theBankAPI] info: GET /account - 1
2020-10-07T13:57:27.656Z [theBankAPI] info: GET /account - 1
2020-10-07T14:03:52.645Z [theBankAPI] info: API na porta 3000!
2020-10-07T14:03:53.379Z [theBankAPI] info: API na porta 3000!
2020-10-07T14:03:57.707Z [theBankAPI] info: GET /account - 1
2020-10-07T14:04:11.127Z [theBankAPI] error: PUT /account - Id, Name e Balance são obrigatórios.
2020-10-07T14:04:19.695Z [theBankAPI] info: GET /account
2020-10-07T15:39:05.762Z [theBankAPI] info: API na porta 3000!
2020-10-07T15:41:38.112Z [theBankAPI] info: API na porta 3000!
2020-10-07T15:42:36.463Z [theBankAPI] info: GET /account
2020-10-07T15:43:39.205Z [theBankAPI] info: POST /account - {"id":4,"name":"Fabio Henrique","balance":4000}
2020-10-07T15:43:47.875Z [theBankAPI] info: GET /account
